<?xml version="1.0" encoding="UTF-8"?>
<testsuite name="AqiCalculator" tests="27" skipped="0" failures="0" errors="0" timestamp="2026-03-31T16:47:41" hostname="Macbook-anhgv.local" time="0.082">
  <properties/>
  <testcase name="returns null when all pollutants are null" classname="com.uip.backend.environment.service.AqiCalculatorTest" time="0.001"/>
  <testcase name="PM2.5=0.0 → AQI≈0" classname="com.uip.backend.environment.service.AqiCalculatorTest" time="0.011"/>
  <testcase name="PM2.5=12.0 → AQI≈50" classname="com.uip.backend.environment.service.AqiCalculatorTest" time="0.0"/>
  <testcase name="PM2.5=12.1 → AQI≈51" classname="com.uip.backend.environment.service.AqiCalculatorTest" time="0.0"/>
  <testcase name="PM2.5=35.4 → AQI≈100" classname="com.uip.backend.environment.service.AqiCalculatorTest" time="0.0"/>
  <testcase name="PM2.5=35.5 → AQI≈101" classname="com.uip.backend.environment.service.AqiCalculatorTest" time="0.0"/>
  <testcase name="PM2.5=55.4 → AQI≈150" classname="com.uip.backend.environment.service.AqiCalculatorTest" time="0.0"/>
  <testcase name="PM2.5=55.5 → AQI≈151" classname="com.uip.backend.environment.service.AqiCalculatorTest" time="0.0"/>
  <testcase name="PM2.5=150.4 → AQI≈200" classname="com.uip.backend.environment.service.AqiCalculatorTest" time="0.001"/>
  <testcase name="PM10=54 → AQI=50 (Good)" classname="com.uip.backend.environment.service.AqiCalculatorTest" time="0.001"/>
  <testcase name="overall AQI is max of individual sub-indices" classname="com.uip.backend.environment.service.AqiCalculatorTest" time="0.002"/>
  <testcase name="categoryColor returns EPA green for Good AQI" classname="com.uip.backend.environment.service.AqiCalculatorTest" time="0.001"/>
  <testcase name="categoryColor returns maroon for Hazardous AQI" classname="com.uip.backend.environment.service.AqiCalculatorTest" time="0.0"/>
  <testcase name="concentration above top breakpoint returns 500" classname="com.uip.backend.environment.service.AqiCalculatorTest" time="0.001"/>
  <testcase name="AQI=0 → Good" classname="com.uip.backend.environment.service.AqiCalculatorTest" time="0.001"/>
  <testcase name="AQI=50 → Good" classname="com.uip.backend.environment.service.AqiCalculatorTest" time="0.0"/>
  <testcase name="AQI=51 → Moderate" classname="com.uip.backend.environment.service.AqiCalculatorTest" time="0.0"/>
  <testcase name="AQI=100 → Moderate" classname="com.uip.backend.environment.service.AqiCalculatorTest" time="0.0"/>
  <testcase name="AQI=101 → Unhealthy for Sensitive Groups" classname="com.uip.backend.environment.service.AqiCalculatorTest" time="0.0"/>
  <testcase name="AQI=150 → Unhealthy for Sensitive Groups" classname="com.uip.backend.environment.service.AqiCalculatorTest" time="0.001"/>
  <testcase name="AQI=151 → Unhealthy" classname="com.uip.backend.environment.service.AqiCalculatorTest" time="0.0"/>
  <testcase name="AQI=200 → Unhealthy" classname="com.uip.backend.environment.service.AqiCalculatorTest" time="0.0"/>
  <testcase name="AQI=201 → Very Unhealthy" classname="com.uip.backend.environment.service.AqiCalculatorTest" time="0.001"/>
  <testcase name="AQI=300 → Very Unhealthy" classname="com.uip.backend.environment.service.AqiCalculatorTest" time="0.0"/>
  <testcase name="AQI=301 → Hazardous" classname="com.uip.backend.environment.service.AqiCalculatorTest" time="0.0"/>
  <testcase name="AQI=500 → Hazardous" classname="com.uip.backend.environment.service.AqiCalculatorTest" time="0.0"/>
  <testcase name="PM10=155 → AQI=101 (USG)" classname="com.uip.backend.environment.service.AqiCalculatorTest" time="0.001"/>
  <system-out><![CDATA[]]></system-out>
  <system-err><![CDATA[]]></system-err>
</testsuite>
