<?xml version="1.0" encoding="UTF-8"?>
<testsuite name="EnvironmentService" tests="14" skipped="0" failures="0" errors="0" timestamp="2026-03-31T16:47:41" hostname="Macbook-anhgv.local" time="0.134">
  <properties/>
  <testcase name="listSensors: returns ONLINE sensor when lastSeenAt is recent" classname="com.uip.backend.environment.service.EnvironmentServiceTest" time="0.108"/>
  <testcase name="listSensors: empty repository returns empty list" classname="com.uip.backend.environment.service.EnvironmentServiceTest" time="0.002"/>
  <testcase name="getAqiHistory: 7d period accepted" classname="com.uip.backend.environment.service.EnvironmentServiceTest" time="0.002"/>
  <testcase name="getAqiHistory: districtCode filter excludes non-matching sensors" classname="com.uip.backend.environment.service.EnvironmentServiceTest" time="0.001"/>
  <testcase name="getAqiHistory: blank districtCode returns all readings" classname="com.uip.backend.environment.service.EnvironmentServiceTest" time="0.003"/>
  <testcase name="getCurrentAqi: maps reading to AqiResponseDto with district info" classname="com.uip.backend.environment.service.EnvironmentServiceTest" time="0.002"/>
  <testcase name="getCurrentAqi: null district when sensor not found in registry" classname="com.uip.backend.environment.service.EnvironmentServiceTest" time="0.001"/>
  <testcase name="listSensors: returns OFFLINE when lastSeenAt is old" classname="com.uip.backend.environment.service.EnvironmentServiceTest" time="0.001"/>
  <testcase name="getAqiHistory: 30d period accepted" classname="com.uip.backend.environment.service.EnvironmentServiceTest" time="0.002"/>
  <testcase name="getCurrentAqi: empty readings returns empty list" classname="com.uip.backend.environment.service.EnvironmentServiceTest" time="0.001"/>
  <testcase name="listSensors: returns OFFLINE when lastSeenAt is null" classname="com.uip.backend.environment.service.EnvironmentServiceTest" time="0.001"/>
  <testcase name="getReadings: limit is capped at 1000" classname="com.uip.backend.environment.service.EnvironmentServiceTest" time="0.003"/>
  <testcase name="getAqiHistory: 24h period fetches 24h range" classname="com.uip.backend.environment.service.EnvironmentServiceTest" time="0.002"/>
  <testcase name="getReadings: returns mapped DTOs for valid range" classname="com.uip.backend.environment.service.EnvironmentServiceTest" time="0.002"/>
  <system-out><![CDATA[]]></system-out>
  <system-err><![CDATA[]]></system-err>
</testsuite>
