<?xml version="1.0" encoding="UTF-8"?>
<testsuite name="AlertEngine" tests="7" skipped="0" failures="0" errors="0" timestamp="2026-03-31T16:47:40" hostname="Macbook-anhgv.local" time="1.558">
  <properties/>
  <testcase name="evaluate: Redis dedup prevents duplicate alert within cooldown" classname="com.uip.backend.alert.service.AlertEngineTest" time="1.391"/>
  <testcase name="evaluate: no active rules in module → no action" classname="com.uip.backend.alert.service.AlertEngineTest" time="0.003"/>
  <testcase name="evaluate: mismatched measureType is skipped" classname="com.uip.backend.alert.service.AlertEngineTest" time="0.003"/>
  <testcase name="evaluate: value at threshold boundary (op=&gt;) does NOT fire" classname="com.uip.backend.alert.service.AlertEngineTest" time="0.002"/>
  <testcase name="evaluate: exceeds threshold fires alert and persists event" classname="com.uip.backend.alert.service.AlertEngineTest" time="0.11"/>
  <testcase name="evaluate: value at threshold boundary (op=&gt;=) fires alert" classname="com.uip.backend.alert.service.AlertEngineTest" time="0.004"/>
  <testcase name="evaluate: Redis dedup key includes ruleId, sensorId, measureType" classname="com.uip.backend.alert.service.AlertEngineTest" time="0.039"/>
  <system-out><![CDATA[23:47:41.576 [Test worker] INFO com.uip.backend.alert.service.AlertEngine -- Alert created: sensor=sensor-1 measure=pm25 value=150.0 severity=HIGH
23:47:41.614 [Test worker] INFO com.uip.backend.alert.service.AlertEngine -- Alert created: sensor=sensor-1 measure=pm25 value=150.0 severity=HIGH
23:47:41.723 [Test worker] INFO com.uip.backend.alert.service.AlertEngine -- Alert created: sensor=sensor-1 measure=pm25 value=100.0 severity=HIGH
23:47:41.763 [Test worker] INFO com.uip.backend.alert.service.AlertEngine -- Alert created: sensor=sensor-42 measure=pm25 value=100.0 severity=HIGH
]]></system-out>
  <system-err><![CDATA[]]></system-err>
</testsuite>
