<?xml version="1.0" encoding="UTF-8"?>
<testsuite name="AlertService" tests="11" skipped="0" failures="0" errors="0" timestamp="2026-03-31T16:47:41" hostname="Macbook-anhgv.local" time="0.136">
  <properties/>
  <testcase name="deleteRule: soft-deletes rule by setting active=false" classname="com.uip.backend.alert.service.AlertServiceTest" time="0.052"/>
  <testcase name="createRule: persists and returns new rule" classname="com.uip.backend.alert.service.AlertServiceTest" time="0.003"/>
  <testcase name="acknowledgeAlert: user not found throws EntityNotFoundException" classname="com.uip.backend.alert.service.AlertServiceTest" time="0.005"/>
  <testcase name="deleteRule: rule not found throws EntityNotFoundException" classname="com.uip.backend.alert.service.AlertServiceTest" time="0.002"/>
  <testcase name="listRules: returns active rules in module order" classname="com.uip.backend.alert.service.AlertServiceTest" time="0.01"/>
  <testcase name="queryAlerts: page size capped at 100" classname="com.uip.backend.alert.service.AlertServiceTest" time="0.016"/>
  <testcase name="acknowledgeAlert: null note does not overwrite existing note" classname="com.uip.backend.alert.service.AlertServiceTest" time="0.033"/>
  <testcase name="acknowledgeAlert: sets ACKNOWLEDGED status and records user" classname="com.uip.backend.alert.service.AlertServiceTest" time="0.002"/>
  <testcase name="acknowledgeAlert: alert not found throws EntityNotFoundException" classname="com.uip.backend.alert.service.AlertServiceTest" time="0.002"/>
  <testcase name="queryAlerts: no filters returns all alerts" classname="com.uip.backend.alert.service.AlertServiceTest" time="0.001"/>
  <testcase name="queryAlerts: returns page of alerts matching filters" classname="com.uip.backend.alert.service.AlertServiceTest" time="0.003"/>
  <system-out><![CDATA[]]></system-out>
  <system-err><![CDATA[]]></system-err>
</testsuite>
