<?xml version="1.0" encoding="UTF-8"?>
<testsuite xmlns:xsi="http://www.w3.org/2001/XMLSchema-instance" xsi:noNamespaceSchemaLocation="https://maven.apache.org/surefire/maven-surefire-plugin/xsd/surefire-test-report-3.0.xsd" version="3.0" name="com.uip.flink.alert.AlertRuleTest" time="0.157" tests="10" errors="0" skipped="0" failures="0">
  <properties>
[...]
</properties>
  <testcase name="alertRule_caseInsensitive_measureType" classname="com.uip.flink.alert.AlertRuleTest" time="0.086"/>
  <testcase name="alertRule_matches_correctOperator(String, String, double, double, boolean)[1]" classname="com.uip.flink.alert.AlertRuleTest" time="0.013"/>
  <testcase name="alertRule_matches_correctOperator(String, String, double, double, boolean)[2]" classname="com.uip.flink.alert.AlertRuleTest" time="0.0"/>
  <testcase name="alertRule_matches_correctOperator(String, String, double, double, boolean)[3]" classname="com.uip.flink.alert.AlertRuleTest" time="0.001"/>
  <testcase name="alertRule_matches_correctOperator(String, String, double, double, boolean)[4]" classname="com.uip.flink.alert.AlertRuleTest" time="0.001"/>
  <testcase name="alertRule_matches_correctOperator(String, String, double, double, boolean)[5]" classname="com.uip.flink.alert.AlertRuleTest" time="0.001"/>
  <testcase name="alertRule_matches_correctOperator(String, String, double, double, boolean)[6]" classname="com.uip.flink.alert.AlertRuleTest" time="0.001"/>
  <testcase name="alertRule_matches_correctOperator(String, String, double, double, boolean)[7]" classname="com.uip.flink.alert.AlertRuleTest" time="0.0"/>
  <testcase name="alertRule_matches_correctOperator(String, String, double, double, boolean)[8]" classname="com.uip.flink.alert.AlertRuleTest" time="0.001"/>
  <testcase name="alertRule_doesNotMatch_differentMeasureType" classname="com.uip.flink.alert.AlertRuleTest" time="0.0"/>
</testsuite>